<?xml version="1.0" encoding="UTF-8"?>
<robot generator="Robot 7.3.2 (Python 3.13.0 on win32)" generated="2026-04-15T16:55:21.766414" rpa="false" schemaversion="5">
<suite id="s1" name="Tests" source="C:\Users\LR Technologies\qa-e2e-robotframework-demo\tests">
<suite id="s1-s1" name="Login Test" source="C:\Users\LR Technologies\qa-e2e-robotframework-demo\tests\login_test.robot">
<test id="s1-s1-t1" name="Ouvrir Google" line="5">
<kw name="Open Browser" owner="SeleniumLibrary">
<msg time="2026-04-15T16:55:22.103194" level="INFO">Opening browser 'chrome' to base url 'https://www.google.com'.</msg>
<arg>https://www.google.com</arg>
<arg>chrome</arg>
<doc>Opens a new browser instance to the optional ``url``.</doc>
<status status="PASS" start="2026-04-15T16:55:22.102895" elapsed="2.539779"/>
</kw>
<kw name="Maximize Browser Window" owner="SeleniumLibrary">
<doc>Maximizes current browser window.</doc>
<status status="PASS" start="2026-04-15T16:55:24.643192" elapsed="0.060564"/>
</kw>
<kw name="Sleep" owner="BuiltIn">
<msg time="2026-04-15T16:55:34.705194" level="INFO">Slept 10 seconds.</msg>
<arg>10s</arg>
<doc>Pauses the test executed for the given time.</doc>
<status status="PASS" start="2026-04-15T16:55:24.704225" elapsed="10.001401"/>
</kw>
<kw name="Close Browser" owner="SeleniumLibrary">
<doc>Closes the current browser.</doc>
<status status="PASS" start="2026-04-15T16:55:34.706680" elapsed="2.287930"/>
</kw>
<status status="PASS" start="2026-04-15T16:55:22.101791" elapsed="14.893244"/>
</test>
<status status="PASS" start="2026-04-15T16:55:21.800025" elapsed="15.196680"/>
</suite>
<status status="PASS" start="2026-04-15T16:55:21.769579" elapsed="15.229845"/>
</suite>
<statistics>
<total>
<stat pass="1" fail="0" skip="0">All Tests</stat>
</total>
<tag>
</tag>
<suite>
<stat name="Tests" id="s1" pass="1" fail="0" skip="0">Tests</stat>
<stat name="Login Test" id="s1-s1" pass="1" fail="0" skip="0">Tests.Login Test</stat>
</suite>
</statistics>
<errors>
</errors>
</robot>
